<?xml version="1.0" encoding="UTF-8"?>
<testng-results skipped="0" failed="0" total="1" passed="1">
  <reporter-output>
  </reporter-output>
  <suite name="Default suite" duration-ms="20381" started-at="2020-03-22T08:14:25Z" finished-at="2020-03-22T08:14:45Z">
    <groups>
    </groups>
    <test name="Default test" duration-ms="20381" started-at="2020-03-22T08:14:25Z" finished-at="2020-03-22T08:14:45Z">
      <class name="testcase.Test1">
        <test-method status="PASS" signature="tc_01()[pri:0, instance:testcase.Test1@af7cc2]" name="tc_01" is-config="true" duration-ms="19387" started-at="2020-03-22T13:44:25Z" finished-at="2020-03-22T13:44:44Z">
          <reporter-output>
          </reporter-output>
        </test-method> <!-- tc_01 -->
        <test-method status="PASS" signature="tc_02()[pri:0, instance:testcase.Test1@af7cc2]" name="tc_02" duration-ms="978" started-at="2020-03-22T13:44:44Z" finished-at="2020-03-22T13:44:45Z">
          <reporter-output>
          </reporter-output>
        </test-method> <!-- tc_02 -->
      </class> <!-- testcase.Test1 -->
    </test> <!-- Default test -->
  </suite> <!-- Default suite -->
</testng-results>
